2021-11-29 23:38:29,458 - Log4JLogChute initialized using file 'target\velocity.log'
2021-11-29 23:38:29,458 - Initializing Velocity, Calling init()...
2021-11-29 23:38:29,459 - Starting Apache Velocity v1.7 (compiled: 2010-11-19 12:14:37)
2021-11-29 23:38:29,459 - Default Properties File: org\apache\velocity\runtime\defaults\velocity.properties
2021-11-29 23:38:29,459 - Trying to use logger class org.apache.velocity.runtime.log.AvalonLogChute
2021-11-29 23:38:29,459 - Target log system for org.apache.velocity.runtime.log.AvalonLogChute is not available (java.lang.NoClassDefFoundError: org/apache/log/format/Formatter).  Falling back to next log system...
2021-11-29 23:38:29,459 - Trying to use logger class org.apache.velocity.runtime.log.Log4JLogChute
2021-11-29 23:38:29,459 - Using logger class org.apache.velocity.runtime.log.Log4JLogChute
2021-11-29 23:38:29,461 - ResourceLoader instantiated: org.apache.velocity.runtime.resource.loader.ClasspathResourceLoader
2021-11-29 23:38:29,472 - ResourceCache: initialized (class org.apache.velocity.runtime.resource.ResourceCacheImpl) with class java.util.Collections$SynchronizedMap cache map.
2021-11-29 23:38:29,474 - Loaded System Directive: org.apache.velocity.runtime.directive.Stop
2021-11-29 23:38:29,476 - Loaded System Directive: org.apache.velocity.runtime.directive.Define
2021-11-29 23:38:29,476 - Loaded System Directive: org.apache.velocity.runtime.directive.Break
2021-11-29 23:38:29,477 - Loaded System Directive: org.apache.velocity.runtime.directive.Evaluate
2021-11-29 23:38:29,477 - Loaded System Directive: org.apache.velocity.runtime.directive.Literal
2021-11-29 23:38:29,479 - Loaded System Directive: org.apache.velocity.runtime.directive.Macro
2021-11-29 23:38:29,480 - Loaded System Directive: org.apache.velocity.runtime.directive.Parse
2021-11-29 23:38:29,481 - Loaded System Directive: org.apache.velocity.runtime.directive.Include
2021-11-29 23:38:29,483 - Loaded System Directive: org.apache.velocity.runtime.directive.Foreach
2021-11-29 23:38:29,514 - Created '20' parsers.
2021-11-29 23:38:29,520 - Velocimacro : "velocimacro.library" is not set.  Trying default library: VM_global_library.vm
2021-11-29 23:38:29,521 - Could not load resource 'VM_global_library.vm' from ResourceLoader org.apache.velocity.runtime.resource.loader.ClasspathResourceLoader: ClasspathResourceLoader Error: cannot find resource VM_global_library.vm
2021-11-29 23:38:29,521 - Velocimacro : Default library not found.
2021-11-29 23:38:29,521 - Velocimacro : allowInline = true : VMs can be defined inline in templates
2021-11-29 23:38:29,521 - Velocimacro : allowInlineToOverride = false : VMs defined inline may NOT replace previous VM definitions
2021-11-29 23:38:29,521 - Velocimacro : allowInlineLocal = false : VMs defined inline will be global in scope if allowed.
2021-11-29 23:38:29,521 - Velocimacro : autoload off : VM system will not automatically reload global library macros
2021-11-29 23:38:29,665 - ResourceManager : found templates/generators/errorpage.vm with loader org.apache.velocity.runtime.resource.loader.ClasspathResourceLoader
2021-11-29 23:38:29,671 - ResourceManager : found /templates/headers.vm with loader org.apache.velocity.runtime.resource.loader.ClasspathResourceLoader
2021-11-29 23:38:29,672 - ResourceManager : found /templates/head.vm with loader org.apache.velocity.runtime.resource.loader.ClasspathResourceLoader
2021-11-29 23:38:29,676 - Velocimacro : added VM stringArray: source=/templates/macros/array.js.vm
2021-11-29 23:38:29,676 - Velocimacro : added VM numberArray: source=/templates/macros/array.js.vm
2021-11-29 23:38:29,676 - ResourceManager : found /templates/macros/array.js.vm with loader org.apache.velocity.runtime.resource.loader.ClasspathResourceLoader
2021-11-29 23:38:29,679 - Velocimacro : added VM includeBuildInfo: source=/templates/macros/page/buildinfo.vm
2021-11-29 23:38:29,679 - ResourceManager : found /templates/macros/page/buildinfo.vm with loader org.apache.velocity.runtime.resource.loader.ClasspathResourceLoader
2021-11-29 23:38:29,685 - Velocimacro : added VM includeClassifications: source=/templates/macros/page/classifications.vm
2021-11-29 23:38:29,685 - ResourceManager : found /templates/macros/page/classifications.vm with loader org.apache.velocity.runtime.resource.loader.ClasspathResourceLoader
2021-11-29 23:38:29,686 - Velocimacro : added VM includeLead: source=/templates/macros/page/lead.vm
2021-11-29 23:38:29,687 - ResourceManager : found /templates/macros/page/lead.vm with loader org.apache.velocity.runtime.resource.loader.ClasspathResourceLoader
2021-11-29 23:38:29,692 - Velocimacro : added VM includeNavigation: source=/templates/macros/page/navigation.vm
2021-11-29 23:38:29,692 - ResourceManager : found /templates/macros/page/navigation.vm with loader org.apache.velocity.runtime.resource.loader.ClasspathResourceLoader
2021-11-29 23:38:29,696 - Velocimacro : added VM includeReportInfo: source=/templates/macros/page/reportInfo.vm
2021-11-29 23:38:29,696 - ResourceManager : found /templates/macros/page/reportInfo.vm with loader org.apache.velocity.runtime.resource.loader.ClasspathResourceLoader
2021-11-29 23:38:29,698 - Velocimacro : added VM includeTitle: source=/templates/macros/page/title.vm
2021-11-29 23:38:29,698 - ResourceManager : found /templates/macros/page/title.vm with loader org.apache.velocity.runtime.resource.loader.ClasspathResourceLoader
2021-11-29 23:38:29,699 - Velocimacro : added VM includeExpandingButtons: source=/templates/macros/report/expandAllButtons.vm
2021-11-29 23:38:29,699 - ResourceManager : found /templates/macros/report/expandAllButtons.vm with loader org.apache.velocity.runtime.resource.loader.ClasspathResourceLoader
2021-11-29 23:38:29,703 - Velocimacro : added VM includeReportTable: source=/templates/macros/report/reportTable.vm
2021-11-29 23:38:29,703 - ResourceManager : found /templates/macros/report/reportTable.vm with loader org.apache.velocity.runtime.resource.loader.ClasspathResourceLoader
2021-11-29 23:38:29,704 - Velocimacro : added VM includeReportHeader: source=/templates/macros/report/reportHeader.vm
2021-11-29 23:38:29,705 - ResourceManager : found /templates/macros/report/reportHeader.vm with loader org.apache.velocity.runtime.resource.loader.ClasspathResourceLoader
2021-11-29 23:38:29,711 - Velocimacro : added VM includeStatsTable: source=/templates/macros/report/statsTable.vm
2021-11-29 23:38:29,711 - ResourceManager : found /templates/macros/report/statsTable.vm with loader org.apache.velocity.runtime.resource.loader.ClasspathResourceLoader
2021-11-29 23:38:29,712 - Velocimacro : added VM includeBrief: source=/templates/macros/json/brief.vm
2021-11-29 23:38:29,712 - ResourceManager : found /templates/macros/json/brief.vm with loader org.apache.velocity.runtime.resource.loader.ClasspathResourceLoader
2021-11-29 23:38:29,714 - Velocimacro : added VM includeDocString: source=/templates/macros/json/docstring.vm
2021-11-29 23:38:29,714 - ResourceManager : found /templates/macros/json/docstring.vm with loader org.apache.velocity.runtime.resource.loader.ClasspathResourceLoader
2021-11-29 23:38:29,715 - Velocimacro : added VM includeDuration: source=/templates/macros/json/duration.vm
2021-11-29 23:38:29,715 - ResourceManager : found /templates/macros/json/duration.vm with loader org.apache.velocity.runtime.resource.loader.ClasspathResourceLoader
2021-11-29 23:38:29,721 - Velocimacro : added VM includeElement: source=/templates/macros/json/element.vm
2021-11-29 23:38:29,721 - ResourceManager : found /templates/macros/json/element.vm with loader org.apache.velocity.runtime.resource.loader.ClasspathResourceLoader
2021-11-29 23:38:29,743 - Velocimacro : added VM includeEmbeddings: source=/templates/macros/json/embeddings.vm
2021-11-29 23:38:29,743 - Velocimacro : added VM includeHtmlEmbedding: source=/templates/macros/json/embeddings.vm
2021-11-29 23:38:29,743 - Velocimacro : added VM includeVideoEmbedding: source=/templates/macros/json/embeddings.vm
2021-11-29 23:38:29,743 - Velocimacro : added VM includeImageEmbedding: source=/templates/macros/json/embeddings.vm
2021-11-29 23:38:29,744 - Velocimacro : added VM includeImageReferenceEmbedding: source=/templates/macros/json/embeddings.vm
2021-11-29 23:38:29,744 - Velocimacro : added VM includeTextEmbedding: source=/templates/macros/json/embeddings.vm
2021-11-29 23:38:29,744 - Velocimacro : added VM includeUnknownEmbedding: source=/templates/macros/json/embeddings.vm
2021-11-29 23:38:29,744 - ResourceManager : found /templates/macros/json/embeddings.vm with loader org.apache.velocity.runtime.resource.loader.ClasspathResourceLoader
2021-11-29 23:38:29,752 - Velocimacro : added VM includeHooks: source=/templates/macros/json/hooks.vm
2021-11-29 23:38:29,752 - ResourceManager : found /templates/macros/json/hooks.vm with loader org.apache.velocity.runtime.resource.loader.ClasspathResourceLoader
2021-11-29 23:38:29,755 - Velocimacro : added VM includeOutput: source=/templates/macros/json/output.vm
2021-11-29 23:38:29,755 - ResourceManager : found /templates/macros/json/output.vm with loader org.apache.velocity.runtime.resource.loader.ClasspathResourceLoader
2021-11-29 23:38:29,758 - Velocimacro : added VM includeMessage: source=/templates/macros/json/message.vm
2021-11-29 23:38:29,759 - ResourceManager : found /templates/macros/json/message.vm with loader org.apache.velocity.runtime.resource.loader.ClasspathResourceLoader
2021-11-29 23:38:29,761 - Velocimacro : added VM includeSteps: source=/templates/macros/json/steps.vm
2021-11-29 23:38:29,761 - ResourceManager : found /templates/macros/json/steps.vm with loader org.apache.velocity.runtime.resource.loader.ClasspathResourceLoader
2021-11-29 23:38:29,762 - Velocimacro : added VM includeStepName: source=/templates/macros/json/stepName.vm
2021-11-29 23:38:29,762 - ResourceManager : found /templates/macros/json/stepName.vm with loader org.apache.velocity.runtime.resource.loader.ClasspathResourceLoader
2021-11-29 23:38:29,763 - Velocimacro : added VM includeTags: source=/templates/macros/json/tags.vm
2021-11-29 23:38:29,763 - ResourceManager : found /templates/macros/json/tags.vm with loader org.apache.velocity.runtime.resource.loader.ClasspathResourceLoader
2021-11-29 23:38:29,779 - VM #includeNavigation: too few arguments to macro. Wanted 1 got 0
2021-11-29 23:38:29,780 - Left side ($active_tab) of '==' operation has null value. If it is a reference, it may not be in the context or its toString() returned null. /templates/macros/page/navigation.vm[line 14, column 51]
2021-11-29 23:38:29,780 - Left side ($active_tab) of '==' operation has null value. If it is a reference, it may not be in the context or its toString() returned null. /templates/macros/page/navigation.vm[line 15, column 51]
2021-11-29 23:38:29,780 - Left side ($active_tab) of '==' operation has null value. If it is a reference, it may not be in the context or its toString() returned null. /templates/macros/page/navigation.vm[line 16, column 51]
2021-11-29 23:38:29,780 - Left side ($active_tab) of '==' operation has null value. If it is a reference, it may not be in the context or its toString() returned null. /templates/macros/page/navigation.vm[line 20, column 51]
2021-11-29 23:38:29,799 - ResourceManager : found /templates/footer.vm with loader org.apache.velocity.runtime.resource.loader.ClasspathResourceLoader
2021-11-30 00:00:01,187 - Log4JLogChute initialized using file 'target\velocity.log'
2021-11-30 00:00:01,188 - Initializing Velocity, Calling init()...
2021-11-30 00:00:01,188 - Starting Apache Velocity v1.7 (compiled: 2010-11-19 12:14:37)
2021-11-30 00:00:01,188 - Default Properties File: org\apache\velocity\runtime\defaults\velocity.properties
2021-11-30 00:00:01,188 - Trying to use logger class org.apache.velocity.runtime.log.AvalonLogChute
2021-11-30 00:00:01,188 - Target log system for org.apache.velocity.runtime.log.AvalonLogChute is not available (java.lang.NoClassDefFoundError: org/apache/log/format/Formatter).  Falling back to next log system...
2021-11-30 00:00:01,188 - Trying to use logger class org.apache.velocity.runtime.log.Log4JLogChute
2021-11-30 11:09:16,770 - Log4JLogChute initialized using file 'target\velocity.log'
2021-11-30 11:09:16,772 - Initializing Velocity, Calling init()...
2021-11-30 11:09:16,772 - Starting Apache Velocity v1.7 (compiled: 2010-11-19 12:14:37)
2021-11-30 11:09:16,772 - Default Properties File: org\apache\velocity\runtime\defaults\velocity.properties
2021-11-30 11:09:16,772 - Trying to use logger class org.apache.velocity.runtime.log.AvalonLogChute
2021-11-30 11:09:16,772 - Target log system for org.apache.velocity.runtime.log.AvalonLogChute is not available (java.lang.NoClassDefFoundError: org/apache/log/format/Formatter).  Falling back to next log system...
2021-11-30 11:09:16,772 - Trying to use logger class org.apache.velocity.runtime.log.Log4JLogChute
2021-11-30 11:09:16,856 - Using logger class org.apache.velocity.runtime.log.Log4JLogChute
2021-11-30 11:09:16,862 - ResourceLoader instantiated: org.apache.velocity.runtime.resource.loader.ClasspathResourceLoader
2021-11-30 11:09:16,911 - ResourceCache: initialized (class org.apache.velocity.runtime.resource.ResourceCacheImpl) with class java.util.Collections$SynchronizedMap cache map.
2021-11-30 11:09:16,916 - Loaded System Directive: org.apache.velocity.runtime.directive.Stop
2021-11-30 11:09:16,918 - Loaded System Directive: org.apache.velocity.runtime.directive.Define
2021-11-30 11:09:16,920 - Loaded System Directive: org.apache.velocity.runtime.directive.Break
2021-11-30 11:09:16,922 - Loaded System Directive: org.apache.velocity.runtime.directive.Evaluate
2021-11-30 11:09:16,923 - Loaded System Directive: org.apache.velocity.runtime.directive.Literal
2021-11-30 11:09:16,926 - Loaded System Directive: org.apache.velocity.runtime.directive.Macro
2021-11-30 11:09:16,929 - Loaded System Directive: org.apache.velocity.runtime.directive.Parse
2021-11-30 11:09:16,932 - Loaded System Directive: org.apache.velocity.runtime.directive.Include
2021-11-30 11:09:16,935 - Loaded System Directive: org.apache.velocity.runtime.directive.Foreach
2021-11-30 11:09:17,028 - Created '20' parsers.
2021-11-30 11:09:17,040 - Velocimacro : "velocimacro.library" is not set.  Trying default library: VM_global_library.vm
2021-11-30 11:09:17,042 - Could not load resource 'VM_global_library.vm' from ResourceLoader org.apache.velocity.runtime.resource.loader.ClasspathResourceLoader: ClasspathResourceLoader Error: cannot find resource VM_global_library.vm
2021-11-30 11:09:17,042 - Velocimacro : Default library not found.
2021-11-30 11:09:17,042 - Velocimacro : allowInline = true : VMs can be defined inline in templates
2021-11-30 11:09:17,042 - Velocimacro : allowInlineToOverride = false : VMs defined inline may NOT replace previous VM definitions
2021-11-30 11:09:17,043 - Velocimacro : allowInlineLocal = false : VMs defined inline will be global in scope if allowed.
2021-11-30 11:09:17,043 - Velocimacro : autoload off : VM system will not automatically reload global library macros
2021-11-30 11:09:17,303 - ResourceManager : found templates/generators/errorpage.vm with loader org.apache.velocity.runtime.resource.loader.ClasspathResourceLoader
2021-11-30 11:09:17,322 - ResourceManager : found /templates/headers.vm with loader org.apache.velocity.runtime.resource.loader.ClasspathResourceLoader
2021-11-30 11:09:17,325 - ResourceManager : found /templates/head.vm with loader org.apache.velocity.runtime.resource.loader.ClasspathResourceLoader
2021-11-30 11:09:17,333 - Velocimacro : added VM stringArray: source=/templates/macros/array.js.vm
2021-11-30 11:09:17,334 - Velocimacro : added VM numberArray: source=/templates/macros/array.js.vm
2021-11-30 11:09:17,334 - ResourceManager : found /templates/macros/array.js.vm with loader org.apache.velocity.runtime.resource.loader.ClasspathResourceLoader
2021-11-30 11:09:17,343 - Velocimacro : added VM includeBuildInfo: source=/templates/macros/page/buildinfo.vm
2021-11-30 11:09:17,344 - ResourceManager : found /templates/macros/page/buildinfo.vm with loader org.apache.velocity.runtime.resource.loader.ClasspathResourceLoader
2021-11-30 11:09:17,357 - Velocimacro : added VM includeClassifications: source=/templates/macros/page/classifications.vm
2021-11-30 11:09:17,357 - ResourceManager : found /templates/macros/page/classifications.vm with loader org.apache.velocity.runtime.resource.loader.ClasspathResourceLoader
2021-11-30 11:09:17,360 - Velocimacro : added VM includeLead: source=/templates/macros/page/lead.vm
2021-11-30 11:09:17,361 - ResourceManager : found /templates/macros/page/lead.vm with loader org.apache.velocity.runtime.resource.loader.ClasspathResourceLoader
2021-11-30 11:09:17,367 - Velocimacro : added VM includeNavigation: source=/templates/macros/page/navigation.vm
2021-11-30 11:09:17,367 - ResourceManager : found /templates/macros/page/navigation.vm with loader org.apache.velocity.runtime.resource.loader.ClasspathResourceLoader
2021-11-30 11:09:17,373 - Velocimacro : added VM includeReportInfo: source=/templates/macros/page/reportInfo.vm
2021-11-30 11:09:17,373 - ResourceManager : found /templates/macros/page/reportInfo.vm with loader org.apache.velocity.runtime.resource.loader.ClasspathResourceLoader
2021-11-30 11:09:17,376 - Velocimacro : added VM includeTitle: source=/templates/macros/page/title.vm
2021-11-30 11:09:17,376 - ResourceManager : found /templates/macros/page/title.vm with loader org.apache.velocity.runtime.resource.loader.ClasspathResourceLoader
2021-11-30 11:09:17,378 - Velocimacro : added VM includeExpandingButtons: source=/templates/macros/report/expandAllButtons.vm
2021-11-30 11:09:17,378 - ResourceManager : found /templates/macros/report/expandAllButtons.vm with loader org.apache.velocity.runtime.resource.loader.ClasspathResourceLoader
2021-11-30 11:09:17,403 - Velocimacro : added VM includeReportTable: source=/templates/macros/report/reportTable.vm
2021-11-30 11:09:17,404 - ResourceManager : found /templates/macros/report/reportTable.vm with loader org.apache.velocity.runtime.resource.loader.ClasspathResourceLoader
2021-11-30 11:09:17,423 - Velocimacro : added VM includeReportHeader: source=/templates/macros/report/reportHeader.vm
2021-11-30 11:09:17,434 - ResourceManager : found /templates/macros/report/reportHeader.vm with loader org.apache.velocity.runtime.resource.loader.ClasspathResourceLoader
2021-11-30 11:09:17,453 - Velocimacro : added VM includeStatsTable: source=/templates/macros/report/statsTable.vm
2021-11-30 11:09:17,453 - ResourceManager : found /templates/macros/report/statsTable.vm with loader org.apache.velocity.runtime.resource.loader.ClasspathResourceLoader
2021-11-30 11:09:17,456 - Velocimacro : added VM includeBrief: source=/templates/macros/json/brief.vm
2021-11-30 11:09:17,456 - ResourceManager : found /templates/macros/json/brief.vm with loader org.apache.velocity.runtime.resource.loader.ClasspathResourceLoader
2021-11-30 11:09:17,459 - Velocimacro : added VM includeDocString: source=/templates/macros/json/docstring.vm
2021-11-30 11:09:17,459 - ResourceManager : found /templates/macros/json/docstring.vm with loader org.apache.velocity.runtime.resource.loader.ClasspathResourceLoader
2021-11-30 11:09:17,461 - Velocimacro : added VM includeDuration: source=/templates/macros/json/duration.vm
2021-11-30 11:09:17,461 - ResourceManager : found /templates/macros/json/duration.vm with loader org.apache.velocity.runtime.resource.loader.ClasspathResourceLoader
2021-11-30 11:09:17,478 - Velocimacro : added VM includeElement: source=/templates/macros/json/element.vm
2021-11-30 11:09:17,478 - ResourceManager : found /templates/macros/json/element.vm with loader org.apache.velocity.runtime.resource.loader.ClasspathResourceLoader
2021-11-30 11:09:17,502 - Velocimacro : added VM includeEmbeddings: source=/templates/macros/json/embeddings.vm
2021-11-30 11:09:17,503 - Velocimacro : added VM includeHtmlEmbedding: source=/templates/macros/json/embeddings.vm
2021-11-30 11:09:17,503 - Velocimacro : added VM includeVideoEmbedding: source=/templates/macros/json/embeddings.vm
2021-11-30 11:09:17,503 - Velocimacro : added VM includeImageEmbedding: source=/templates/macros/json/embeddings.vm
2021-11-30 11:09:17,504 - Velocimacro : added VM includeImageReferenceEmbedding: source=/templates/macros/json/embeddings.vm
2021-11-30 11:09:17,504 - Velocimacro : added VM includeTextEmbedding: source=/templates/macros/json/embeddings.vm
2021-11-30 11:09:17,504 - Velocimacro : added VM includeUnknownEmbedding: source=/templates/macros/json/embeddings.vm
2021-11-30 11:09:17,505 - ResourceManager : found /templates/macros/json/embeddings.vm with loader org.apache.velocity.runtime.resource.loader.ClasspathResourceLoader
2021-11-30 11:09:17,510 - Velocimacro : added VM includeHooks: source=/templates/macros/json/hooks.vm
2021-11-30 11:09:17,511 - ResourceManager : found /templates/macros/json/hooks.vm with loader org.apache.velocity.runtime.resource.loader.ClasspathResourceLoader
2021-11-30 11:09:17,517 - Velocimacro : added VM includeOutput: source=/templates/macros/json/output.vm
2021-11-30 11:09:17,517 - ResourceManager : found /templates/macros/json/output.vm with loader org.apache.velocity.runtime.resource.loader.ClasspathResourceLoader
2021-11-30 11:09:17,519 - Velocimacro : added VM includeMessage: source=/templates/macros/json/message.vm
2021-11-30 11:09:17,519 - ResourceManager : found /templates/macros/json/message.vm with loader org.apache.velocity.runtime.resource.loader.ClasspathResourceLoader
2021-11-30 11:09:17,524 - Velocimacro : added VM includeSteps: source=/templates/macros/json/steps.vm
2021-11-30 11:09:17,524 - ResourceManager : found /templates/macros/json/steps.vm with loader org.apache.velocity.runtime.resource.loader.ClasspathResourceLoader
2021-11-30 11:09:17,526 - Velocimacro : added VM includeStepName: source=/templates/macros/json/stepName.vm
2021-11-30 11:09:17,526 - ResourceManager : found /templates/macros/json/stepName.vm with loader org.apache.velocity.runtime.resource.loader.ClasspathResourceLoader
2021-11-30 11:09:17,529 - Velocimacro : added VM includeTags: source=/templates/macros/json/tags.vm
2021-11-30 11:09:17,529 - ResourceManager : found /templates/macros/json/tags.vm with loader org.apache.velocity.runtime.resource.loader.ClasspathResourceLoader
2021-11-30 11:09:17,553 - VM #includeNavigation: too few arguments to macro. Wanted 1 got 0
2021-11-30 11:09:17,555 - Left side ($active_tab) of '==' operation has null value. If it is a reference, it may not be in the context or its toString() returned null. /templates/macros/page/navigation.vm[line 14, column 51]
2021-11-30 11:09:17,555 - Left side ($active_tab) of '==' operation has null value. If it is a reference, it may not be in the context or its toString() returned null. /templates/macros/page/navigation.vm[line 15, column 51]
2021-11-30 11:09:17,555 - Left side ($active_tab) of '==' operation has null value. If it is a reference, it may not be in the context or its toString() returned null. /templates/macros/page/navigation.vm[line 16, column 51]
2021-11-30 11:09:17,555 - Left side ($active_tab) of '==' operation has null value. If it is a reference, it may not be in the context or its toString() returned null. /templates/macros/page/navigation.vm[line 20, column 51]
2021-11-30 11:09:17,604 - ResourceManager : found /templates/footer.vm with loader org.apache.velocity.runtime.resource.loader.ClasspathResourceLoader
2021-11-30 16:07:22,750 - Log4JLogChute initialized using file 'target\velocity.log'
2021-11-30 16:07:22,752 - Initializing Velocity, Calling init()...
2021-11-30 16:07:22,752 - Starting Apache Velocity v1.7 (compiled: 2010-11-19 12:14:37)
2021-11-30 16:07:22,752 - Default Properties File: org\apache\velocity\runtime\defaults\velocity.properties
2021-11-30 16:07:22,752 - Trying to use logger class org.apache.velocity.runtime.log.AvalonLogChute
2021-11-30 16:07:22,752 - Target log system for org.apache.velocity.runtime.log.AvalonLogChute is not available (java.lang.NoClassDefFoundError: org/apache/log/format/Formatter).  Falling back to next log system...
2021-11-30 16:07:22,752 - Trying to use logger class org.apache.velocity.runtime.log.Log4JLogChute
2021-11-30 16:07:22,752 - Using logger class org.apache.velocity.runtime.log.Log4JLogChute
2021-11-30 16:07:22,757 - ResourceLoader instantiated: org.apache.velocity.runtime.resource.loader.ClasspathResourceLoader
2021-11-30 16:07:22,783 - ResourceCache: initialized (class org.apache.velocity.runtime.resource.ResourceCacheImpl) with class java.util.Collections$SynchronizedMap cache map.
2021-11-30 16:07:22,786 - Loaded System Directive: org.apache.velocity.runtime.directive.Stop
2021-11-30 16:07:22,789 - Loaded System Directive: org.apache.velocity.runtime.directive.Define
2021-11-30 16:07:22,790 - Loaded System Directive: org.apache.velocity.runtime.directive.Break
2021-11-30 16:07:22,791 - Loaded System Directive: org.apache.velocity.runtime.directive.Evaluate
2021-11-30 16:07:22,792 - Loaded System Directive: org.apache.velocity.runtime.directive.Literal
2021-11-30 16:07:22,794 - Loaded System Directive: org.apache.velocity.runtime.directive.Macro
2021-11-30 16:07:22,796 - Loaded System Directive: org.apache.velocity.runtime.directive.Parse
2021-11-30 16:07:22,798 - Loaded System Directive: org.apache.velocity.runtime.directive.Include
2021-11-30 16:07:22,800 - Loaded System Directive: org.apache.velocity.runtime.directive.Foreach
2021-11-30 16:07:22,860 - Created '20' parsers.
2021-11-30 16:07:22,870 - Velocimacro : "velocimacro.library" is not set.  Trying default library: VM_global_library.vm
2021-11-30 16:07:22,871 - Could not load resource 'VM_global_library.vm' from ResourceLoader org.apache.velocity.runtime.resource.loader.ClasspathResourceLoader: ClasspathResourceLoader Error: cannot find resource VM_global_library.vm
2021-11-30 16:07:22,871 - Velocimacro : Default library not found.
2021-11-30 16:07:22,871 - Velocimacro : allowInline = true : VMs can be defined inline in templates
2021-11-30 16:07:22,871 - Velocimacro : allowInlineToOverride = false : VMs defined inline may NOT replace previous VM definitions
2021-11-30 16:07:22,871 - Velocimacro : allowInlineLocal = false : VMs defined inline will be global in scope if allowed.
2021-11-30 16:07:22,871 - Velocimacro : autoload off : VM system will not automatically reload global library macros
2021-11-30 16:07:23,067 - ResourceManager : found templates/generators/errorpage.vm with loader org.apache.velocity.runtime.resource.loader.ClasspathResourceLoader
2021-11-30 16:07:23,077 - ResourceManager : found /templates/headers.vm with loader org.apache.velocity.runtime.resource.loader.ClasspathResourceLoader
2021-11-30 16:07:23,079 - ResourceManager : found /templates/head.vm with loader org.apache.velocity.runtime.resource.loader.ClasspathResourceLoader
2021-11-30 16:07:23,083 - Velocimacro : added VM stringArray: source=/templates/macros/array.js.vm
2021-11-30 16:07:23,083 - Velocimacro : added VM numberArray: source=/templates/macros/array.js.vm
2021-11-30 16:07:23,083 - ResourceManager : found /templates/macros/array.js.vm with loader org.apache.velocity.runtime.resource.loader.ClasspathResourceLoader
2021-11-30 16:07:23,087 - Velocimacro : added VM includeBuildInfo: source=/templates/macros/page/buildinfo.vm
2021-11-30 16:07:23,087 - ResourceManager : found /templates/macros/page/buildinfo.vm with loader org.apache.velocity.runtime.resource.loader.ClasspathResourceLoader
2021-11-30 16:07:23,098 - Velocimacro : added VM includeClassifications: source=/templates/macros/page/classifications.vm
2021-11-30 16:07:23,098 - ResourceManager : found /templates/macros/page/classifications.vm with loader org.apache.velocity.runtime.resource.loader.ClasspathResourceLoader
2021-11-30 16:07:23,103 - Velocimacro : added VM includeLead: source=/templates/macros/page/lead.vm
2021-11-30 16:07:23,103 - ResourceManager : found /templates/macros/page/lead.vm with loader org.apache.velocity.runtime.resource.loader.ClasspathResourceLoader
2021-11-30 16:07:23,108 - Velocimacro : added VM includeNavigation: source=/templates/macros/page/navigation.vm
2021-11-30 16:07:23,108 - ResourceManager : found /templates/macros/page/navigation.vm with loader org.apache.velocity.runtime.resource.loader.ClasspathResourceLoader
2021-11-30 16:07:23,115 - Velocimacro : added VM includeReportInfo: source=/templates/macros/page/reportInfo.vm
2021-11-30 16:07:23,115 - ResourceManager : found /templates/macros/page/reportInfo.vm with loader org.apache.velocity.runtime.resource.loader.ClasspathResourceLoader
2021-11-30 16:07:23,118 - Velocimacro : added VM includeTitle: source=/templates/macros/page/title.vm
2021-11-30 16:07:23,118 - ResourceManager : found /templates/macros/page/title.vm with loader org.apache.velocity.runtime.resource.loader.ClasspathResourceLoader
2021-11-30 16:07:23,120 - Velocimacro : added VM includeExpandingButtons: source=/templates/macros/report/expandAllButtons.vm
2021-11-30 16:07:23,120 - ResourceManager : found /templates/macros/report/expandAllButtons.vm with loader org.apache.velocity.runtime.resource.loader.ClasspathResourceLoader
2021-11-30 16:07:23,127 - Velocimacro : added VM includeReportTable: source=/templates/macros/report/reportTable.vm
2021-11-30 16:07:23,127 - ResourceManager : found /templates/macros/report/reportTable.vm with loader org.apache.velocity.runtime.resource.loader.ClasspathResourceLoader
2021-11-30 16:07:23,130 - Velocimacro : added VM includeReportHeader: source=/templates/macros/report/reportHeader.vm
2021-11-30 16:07:23,130 - ResourceManager : found /templates/macros/report/reportHeader.vm with loader org.apache.velocity.runtime.resource.loader.ClasspathResourceLoader
2021-11-30 16:07:23,142 - Velocimacro : added VM includeStatsTable: source=/templates/macros/report/statsTable.vm
2021-11-30 16:07:23,142 - ResourceManager : found /templates/macros/report/statsTable.vm with loader org.apache.velocity.runtime.resource.loader.ClasspathResourceLoader
2021-11-30 16:07:23,145 - Velocimacro : added VM includeBrief: source=/templates/macros/json/brief.vm
2021-11-30 16:07:23,145 - ResourceManager : found /templates/macros/json/brief.vm with loader org.apache.velocity.runtime.resource.loader.ClasspathResourceLoader
2021-11-30 16:07:23,147 - Velocimacro : added VM includeDocString: source=/templates/macros/json/docstring.vm
2021-11-30 16:07:23,147 - ResourceManager : found /templates/macros/json/docstring.vm with loader org.apache.velocity.runtime.resource.loader.ClasspathResourceLoader
2021-11-30 16:07:23,151 - Velocimacro : added VM includeDuration: source=/templates/macros/json/duration.vm
2021-11-30 16:07:23,151 - ResourceManager : found /templates/macros/json/duration.vm with loader org.apache.velocity.runtime.resource.loader.ClasspathResourceLoader
2021-11-30 16:07:23,157 - Velocimacro : added VM includeElement: source=/templates/macros/json/element.vm
2021-11-30 16:07:23,157 - ResourceManager : found /templates/macros/json/element.vm with loader org.apache.velocity.runtime.resource.loader.ClasspathResourceLoader
2021-11-30 16:07:23,172 - Velocimacro : added VM includeEmbeddings: source=/templates/macros/json/embeddings.vm
2021-11-30 16:07:23,172 - Velocimacro : added VM includeHtmlEmbedding: source=/templates/macros/json/embeddings.vm
2021-11-30 16:07:23,172 - Velocimacro : added VM includeVideoEmbedding: source=/templates/macros/json/embeddings.vm
2021-11-30 16:07:23,172 - Velocimacro : added VM includeImageEmbedding: source=/templates/macros/json/embeddings.vm
2021-11-30 16:07:23,173 - Velocimacro : added VM includeImageReferenceEmbedding: source=/templates/macros/json/embeddings.vm
2021-11-30 16:07:23,173 - Velocimacro : added VM includeTextEmbedding: source=/templates/macros/json/embeddings.vm
2021-11-30 16:07:23,173 - Velocimacro : added VM includeUnknownEmbedding: source=/templates/macros/json/embeddings.vm
2021-11-30 16:07:23,173 - ResourceManager : found /templates/macros/json/embeddings.vm with loader org.apache.velocity.runtime.resource.loader.ClasspathResourceLoader
2021-11-30 16:07:23,177 - Velocimacro : added VM includeHooks: source=/templates/macros/json/hooks.vm
2021-11-30 16:07:23,177 - ResourceManager : found /templates/macros/json/hooks.vm with loader org.apache.velocity.runtime.resource.loader.ClasspathResourceLoader
2021-11-30 16:07:23,181 - Velocimacro : added VM includeOutput: source=/templates/macros/json/output.vm
2021-11-30 16:07:23,181 - ResourceManager : found /templates/macros/json/output.vm with loader org.apache.velocity.runtime.resource.loader.ClasspathResourceLoader
2021-11-30 16:07:23,183 - Velocimacro : added VM includeMessage: source=/templates/macros/json/message.vm
2021-11-30 16:07:23,183 - ResourceManager : found /templates/macros/json/message.vm with loader org.apache.velocity.runtime.resource.loader.ClasspathResourceLoader
2021-11-30 16:07:23,187 - Velocimacro : added VM includeSteps: source=/templates/macros/json/steps.vm
2021-11-30 16:07:23,187 - ResourceManager : found /templates/macros/json/steps.vm with loader org.apache.velocity.runtime.resource.loader.ClasspathResourceLoader
2021-11-30 16:07:23,188 - Velocimacro : added VM includeStepName: source=/templates/macros/json/stepName.vm
2021-11-30 16:07:23,188 - ResourceManager : found /templates/macros/json/stepName.vm with loader org.apache.velocity.runtime.resource.loader.ClasspathResourceLoader
2021-11-30 16:07:23,190 - Velocimacro : added VM includeTags: source=/templates/macros/json/tags.vm
2021-11-30 16:07:23,190 - ResourceManager : found /templates/macros/json/tags.vm with loader org.apache.velocity.runtime.resource.loader.ClasspathResourceLoader
2021-11-30 16:07:23,206 - VM #includeNavigation: too few arguments to macro. Wanted 1 got 0
2021-11-30 16:07:23,208 - Left side ($active_tab) of '==' operation has null value. If it is a reference, it may not be in the context or its toString() returned null. /templates/macros/page/navigation.vm[line 14, column 51]
2021-11-30 16:07:23,208 - Left side ($active_tab) of '==' operation has null value. If it is a reference, it may not be in the context or its toString() returned null. /templates/macros/page/navigation.vm[line 15, column 51]
2021-11-30 16:07:23,208 - Left side ($active_tab) of '==' operation has null value. If it is a reference, it may not be in the context or its toString() returned null. /templates/macros/page/navigation.vm[line 16, column 51]
2021-11-30 16:07:23,208 - Left side ($active_tab) of '==' operation has null value. If it is a reference, it may not be in the context or its toString() returned null. /templates/macros/page/navigation.vm[line 20, column 51]
2021-11-30 16:07:23,246 - ResourceManager : found /templates/footer.vm with loader org.apache.velocity.runtime.resource.loader.ClasspathResourceLoader
